20240804	12:16:27	a2c87159-043d-478b-8217-f9567f74e76f	Error: Not allowed by CORS	POST	/auth/register	null
20240804	12:16:48	84098365-44c0-42ea-ae6a-8c743c205abe	Error: Not allowed by CORS	POST	/auth/register	null
20240804	12:17:25	dcb8900f-91ec-4a7a-ab0e-e52d13aa7988	Error: Not allowed by CORS	POST	/auth/register	null
20240804	12:20:23	fc0dcacf-bd14-49d3-b085-4b104d362ca1	TypeError: Cannot read properties of undefined (reading 'map')	POST	/auth/register	undefined
20240804	12:34:28	f7d9ed9d-30fb-4563-8f6d-7a4977a6fa28	Error: Not allowed by CORS	POST	/auth/register	null
20240804	12:43:20	8cf40dc7-09d5-4a02-ada9-bdc80e2c8c6e	Too Many Requests: Too many login attempts from this IP, please try again after a 60 second pause	POST	/login	undefined
20240804	12:43:20	dd5d1afd-8a1b-4208-bd59-af63040b814f	Too Many Requests: Too many login attempts from this IP, please try again after a 60 second pause	POST	/login	undefined
20240804	12:43:35	6337ad4b-0f46-4650-8824-bb8898bbad46	Too Many Requests: Too many login attempts from this IP, please try again after a 60 second pause	POST	/login	undefined
20240804	13:04:44	929833cf-8692-4f70-92d4-c07e966db53f	Error: Not allowed by CORS	POST	/auth/register	null
20240806	11:14:01	9c6a2a95-53ef-4b85-86c0-3600aa545e81	PayloadTooLargeError: request entity too large	POST	/auth/register	http://localhost:5173
20240806	11:14:17	dbdc0b35-5685-4138-a977-a98b7219a4a8	PayloadTooLargeError: request entity too large	POST	/auth/register	http://localhost:5173
20240811	02:21:38	579bfc92-bb45-4e94-b250-1db145d4d8b8	PrismaClientValidationError: 
Invalid `prisma.user.findUnique()` invocation in
/home/none/development/BookRent/backend/controllers/book.js:16:34

  13   quantity,
  14   price,
  15 } = req.body;
→ 16 const user = await prisma.user.findUnique({
       where: {
         id: "28"
             ~~~~
       }
     })

Argument `id`: Invalid value provided. Expected Int, provided String.	POST	/book	http://localhost:5173
20240811	02:34:08	63d8fe21-d573-46b2-a2f8-b13955844ac2	PrismaClientValidationError: 
Invalid `prisma.user.findUnique()` invocation in
/home/none/development/BookRent/backend/controllers/book.js:16:34

  13   quantity,
  14   price,
  15 } = req.body;
→ 16 const user = await prisma.user.findUnique({
       where: {
         id: "28"
             ~~~~
       }
     })

Argument `id`: Invalid value provided. Expected Int, provided String.	POST	/book	http://localhost:5173
