20240804	11:24:11	9b7594d0-4e8c-4aaa-81aa-57d5086c8252	GET	/auth/register	undefined
20240804	11:24:20	e3ac14fb-945c-4ae6-8558-ecd0f878af5b	POST	/auth/register	undefined
20240804	11:24:33	e144195a-27af-4e79-8ef0-6a7f8ce2814e	POST	/auth/register	undefined
20240804	11:27:03	2f5829fb-d110-4b67-9f16-9ed8c6b922d3	POST	/auth/register	undefined
20240804	11:27:42	0f32a8b6-2ade-47f1-9cf6-5194a21c2ceb	POST	/auth/register	undefined
20240804	11:38:20	1f675492-18df-40ff-9089-349d65c0e9fe	POST	/auth/register	undefined
20240804	11:38:38	11803343-ea0e-44ab-9642-165be2b3c9a9	POST	/auth/login	undefined
20240804	11:39:25	b5a78c5c-2794-4c56-8ee4-40537be12f3d	POST	/auth/login	undefined
20240804	12:04:45	868a9355-7199-46d4-a87c-b9781c3f0f9e	POST	/auth/register	undefined
20240804	12:06:30	73f67741-2d69-41bf-a2e8-2d68a29029ea	POST	/auth/register	undefined
20240804	12:06:45	a8cfed59-76ef-4f12-bd43-1dd927308133	POST	/auth/register	undefined
20240804	12:07:17	cd29e295-38da-4fa6-bf8d-c3d9d62bbe0b	POST	/auth/register	undefined
20240804	12:08:42	db134b51-abcd-4502-b79b-6396844ffe0f	POST	/auth/register	undefined
20240804	12:09:06	6263b5d8-e346-4fdc-9ce4-536dbedea481	POST	/auth/register	undefined
20240804	12:09:22	3143c97d-8831-4ddf-bfaa-c154c8ac6355	POST	/auth/register	undefined
20240804	12:09:50	4d6ca7bf-eff5-46e4-8c6f-afae5276c278	POST	/auth/register	undefined
20240804	12:12:11	ab4316df-4c39-4b4c-86ee-250769a18764	POST	/auth/register	undefined
20240804	12:12:51	fc7f5128-e944-4d9b-a2cc-a92ead2673e7	POST	/auth/register	undefined
20240804	12:16:27	cf5ffd46-4794-45a3-82f1-2ca7afcf7404	POST	/auth/register	null
20240804	12:16:48	52385ef1-cc15-48fb-9bc8-4e5bf9ebd0ff	POST	/auth/register	null
20240804	12:17:25	d086cc58-5e13-4fca-af74-a5e277739e2d	POST	/auth/register	null
20240804	12:20:23	b5912ee2-92f2-451c-982f-3983bb58b8f5	POST	/auth/register	undefined
20240804	12:21:32	2554b017-c8f3-4e9f-827e-359c4aae42a6	POST	/auth/register	undefined
20240804	12:22:20	c8cc76fe-dca5-41fc-b5df-511c715e2be7	POST	/auth/register	undefined
20240804	12:25:16	01a792a8-bebf-498c-a1fd-6c90713d7604	POST	/auth/register	undefined
20240804	12:25:54	53a5143b-e7a0-4195-8c19-31c8788fb728	POST	/auth/register	undefined
20240804	12:26:01	64e1c24e-b44e-4481-bbed-d6e2e249f699	POST	/auth/register	undefined
20240804	12:27:32	b08140cd-5710-4713-bd24-44b657a93ffd	POST	/auth/register	undefined
20240804	12:29:00	4b99c1fa-200f-43e2-88e5-d4f3f0014fba	POST	/auth/register	undefined
20240804	12:29:52	bc6f9b36-d57f-48c7-a892-c4fa80a76f8a	POST	/auth/register	undefined
20240804	12:30:27	165ef2f8-cb61-4303-9e7e-55d826b11772	POST	/auth/register	undefined
20240804	12:31:43	cd4dda9f-e3b2-4ae6-86de-069c07f4fff6	POST	/auth/register	undefined
20240804	12:32:57	af457142-1290-4b29-b73d-90b42cd51d70	POST	/auth/register	undefined
20240804	12:33:09	81f8bae7-a7bd-4b16-a6f5-03fcdc93b590	POST	/auth/register	undefined
20240804	12:34:28	25a542d9-3b2f-4042-be03-6856566bd91a	POST	/auth/register	null
20240804	12:43:14	d14755b2-3dfd-45a9-bc5e-c032ce866eda	POST	/auth/login	undefined
20240804	12:43:16	17c7e5d2-528a-4bcd-9ec6-f320884039d4	POST	/auth/login	undefined
20240804	12:43:17	0446ca31-118f-4ba7-b6b3-43d5d00e9da4	POST	/auth/login	undefined
20240804	12:43:18	561b8d3e-2f99-4320-a1e6-06bbe8f9cfc4	POST	/auth/login	undefined
20240804	12:43:18	934ff683-6198-4c0f-aee9-0a933a8d8301	POST	/auth/login	undefined
20240804	12:43:19	193313d1-d427-4ec8-bcee-f8498b2895d7	POST	/auth/login	undefined
20240804	12:43:20	393e43e0-10b4-45fb-b75c-ebd341446946	POST	/auth/login	undefined
20240804	12:43:35	fcc49919-ce67-4f80-a576-3aa5bb97f25d	POST	/auth/login	undefined
20240804	13:04:44	e2ed242b-e11a-4ad7-88e5-6219b3383f3c	POST	/auth/register	null
20240805	03:12:45	567fad87-f8d8-46cc-965a-896848ebd617	GET	/book	undefined
20240805	03:13:51	cfa93560-1deb-43d5-bdef-7ac3b25baa42	GET	/book	undefined
20240805	03:14:10	38946abe-46d3-4d36-bb1c-42cbac8c6f31	POST	/book	undefined
20240805	03:58:39	61022c24-a309-401c-81ce-1493a9771fe5	POST	/book	http://localhost:5173
20240805	04:01:12	0baecd3e-70ca-45f1-bcdd-8ca73b737730	POST	/book	http://localhost:5173
20240805	04:02:34	fac80db6-9682-4172-9fa9-5ce18d022a7b	POST	/book	http://localhost:5173
20240805	04:07:42	9962858a-b537-4373-bbd3-7a558ad9d4a6	POST	/book	http://localhost:5173
20240805	04:08:22	5ae76d31-1f15-49e8-b8ed-cdc007f1d3c5	POST	/book	http://localhost:5173
20240805	04:12:52	ab89045d-6b51-4bce-97d0-7da68bdcfc51	POST	/books	http://localhost:5173
20240805	04:13:21	6420fd75-b4a3-4732-8212-6a6ce20809ba	POST	/books	http://localhost:5173
20240805	04:13:39	bc91f359-9834-4aff-a3d8-8446ed73a091	POST	/book	http://localhost:5173
20240805	04:16:34	3858607d-2982-4aff-9dfa-08544043b34a	POST	/book	http://localhost:5173
20240805	04:16:49	cbd392b0-de8d-4e04-bbab-7c779bb80c91	POST	/book	http://localhost:5173
20240805	04:17:35	54cd678a-820a-492d-8895-48885dea47ca	POST	/book	http://localhost:5173
20240805	04:19:41	91882c42-820c-4be3-a6d1-fe593eb4090f	POST	/book	http://localhost:5173
20240805	04:20:25	5ef28d79-4e2a-45f5-a28d-38ed6b1ec602	POST	/book	http://localhost:5173
20240805	04:24:39	b23e98cb-ac6d-477b-9e38-cbaed9f6f7b5	POST	/book	undefined
20240805	04:26:08	d240ecb5-e0f8-49f7-8353-dec2189edd45	POST	/book	undefined
20240805	04:29:26	e3dc6eb5-df72-4004-bcd1-0197ae920a3a	POST	/book	undefined
20240805	04:30:48	68545259-7c31-4939-be8b-653b74cae5e1	POST	/book	undefined
20240805	04:31:05	228b294b-a64c-485d-b911-7033903f2808	POST	/book	undefined
20240805	04:36:30	5d7da4c0-e467-4f9d-9c59-563e22bb855b	POST	/book	undefined
20240805	04:36:52	124003f6-01b1-42b0-9e51-7c94d1725061	POST	/book	undefined
20240805	04:41:13	316c65d4-4ffc-4eea-93fd-43c226c9649e	POST	/book	http://localhost:5173
20240805	04:47:07	961bd89f-5876-4603-a5d0-4b3770b51d49	POST	/book	http://localhost:5173
20240805	04:48:26	8f372326-13a8-4edf-8a11-fe9cfbc7d48c	POST	/book	undefined
20240805	04:48:34	b99e54e7-bae7-4d89-9a6d-21f087b3c874	POST	/book	http://localhost:5173
20240805	04:49:12	c4e556b6-fbd7-482f-8409-dbcf31617c43	POST	/book	http://localhost:5173
20240805	04:51:24	e945f4af-6b0b-4313-9bac-f141a449b17a	POST	/book	http://localhost:5173
20240805	04:52:29	1e5903cb-b664-4e7b-86e9-6b6e33d721bb	POST	/book	http://localhost:5173
20240805	04:53:40	2cf287ea-171e-4b97-a46e-081b8e2f2464	GET	/book	undefined
20240805	04:54:37	8fa00c0a-164a-4cef-94bb-b83e7b47f4eb	POST	/book	http://localhost:5173
20240805	04:55:22	0c01573a-68e7-4f96-8a02-d59d1e56b0ee	POST	/book	http://localhost:5173
20240805	04:55:38	0644ba7f-4dce-45f8-94ae-56a3d0f6ea8d	POST	/book	http://localhost:5173
20240805	04:55:47	63f90247-9126-4bde-93f1-5e4af30d6620	POST	/book	http://localhost:5173
20240805	04:57:21	38d3f0de-cead-4bdb-9cc5-e097bc72177f	POST	/book	http://localhost:5173
20240805	04:58:21	b634d8ef-8c84-4765-9ef2-5bd636b77162	GET	/book	undefined
20240805	04:59:30	9070fce5-3944-447c-a957-df6b9e5b8ebd	POST	/book	undefined
20240805	04:59:45	beb77b77-68d1-4a58-b711-af16aa7c684a	POST	/book	undefined
20240805	05:01:32	a542bd6e-424d-4e53-b4a3-1367cf27908d	OPTIONS	/book	http://localhost:5173
20240805	05:01:32	354e4d0d-9ced-4a7e-8ae1-121d12664cc4	POST	/book	http://localhost:5173
20240805	05:01:32	ec7b0ddc-7381-4ad4-bce1-3dc5b905a6ca	POST	/uploadImages	http://localhost:5173
20240805	05:03:21	f9b93b5a-0697-4046-8802-c14a80df6fc1	POST	/book	http://localhost:5173
20240805	05:05:52	d3325d51-b48e-43f9-91de-71ec3e04080c	POST	/book	http://localhost:5173
20240805	05:06:40	c85d6241-247d-40e6-a710-a7437e13cb89	POST	/book	http://localhost:5173
20240805	05:07:59	b1cffd6a-acc0-4cb2-bab4-fbb7074d126e	POST	/book	http://localhost:5173
20240805	05:12:36	63f14386-cffa-44f2-b7e7-b969f9aea27e	POST	/book	http://localhost:5173
20240805	05:13:29	f611c14a-4ca7-4114-a81e-11e02384db58	POST	/book	undefined
20240805	05:20:47	09128263-c300-47d3-9ce1-2bd6f4901443	POST	/book	undefined
20240805	05:21:08	5276af40-424b-422b-910f-7ebb0c4f422e	POST	/book	undefined
20240805	05:22:14	1d69b854-1ba4-4958-876e-c3b93a97ae3e	POST	/book	undefined
20240805	05:24:02	99e8f832-d25d-4b42-8a36-55b83ba62d7f	POST	/auth/register	undefined
20240805	05:24:10	70d63d2c-ecac-4084-a099-1be3c30ea050	POST	/auth/register	undefined
20240805	05:33:38	aa3811c4-cb25-4d48-98ef-efdd8b226fe7	POST	/book	undefined
20240805	05:34:29	26639c47-bf49-4e81-983e-2f12b80bf21d	POST	/book	undefined
20240805	05:35:00	a2122e73-0f88-404c-b740-95ffd2023a8d	POST	/book	http://localhost:5173
20240805	05:37:28	a8d601fe-9c11-4ac6-ba3b-abb32dd67b1b	POST	/book	undefined
20240805	05:44:08	f396c13a-1af5-4657-8666-eebcd8537c59	POST	/book	undefined
20240805	05:44:59	cb519eca-12dd-4567-9167-e3f945542929	POST	/book	undefined
20240805	05:45:07	98513bc7-ddb0-4ea0-bb42-383787d9c21e	POST	/book	undefined
20240805	05:46:01	78760f58-6017-4ff5-8e57-e9387a1240f3	POST	/book	undefined
20240805	05:47:19	5678e3dd-4b3d-4790-8d08-782398a008d1	POST	/book	undefined
20240805	05:48:31	e0301dbf-297c-4250-8555-fbdf9546ffbf	POST	/book	undefined
20240805	05:49:20	7151b49d-e084-4548-aa8b-76657442c39f	POST	/book	undefined
20240805	05:50:26	7b20ad5f-83c1-49ac-aa0f-941ddf259c33	POST	/book	undefined
20240805	05:53:13	08b692a7-5c07-4933-b924-7eff1fc0e13b	GET	/book	undefined
20240805	06:09:01	c9ded6ae-f9ce-46eb-bbe3-e52b59a5f42c	GET	/book?search=&sort=&page=1&category=	http://localhost:5173
20240805	06:09:02	65a78392-7716-4684-bedf-1212ba60ab1d	GET	/book?search=&sort=&page=1&category=	http://localhost:5173
20240805	06:09:17	38daf65b-15fc-4be8-8ccc-bb1521f09b3a	GET	/book?search=&sort=name&page=1&category=	http://localhost:5173
20240805	06:09:27	75f8e4a9-7908-4886-aa97-babf9e414772	GET	/book?search=&sort=author&page=1&category=	http://localhost:5173
20240805	06:09:33	799bfba6-5627-4045-ad89-d28fdc92d4a6	GET	/book?search=&sort=author&page=1&category=non-fiction	http://localhost:5173
20240805	06:09:38	3fbdc867-20ef-4e9f-a37d-9196dfad12e6	GET	/book?search=&sort=author&page=1&category=fiction	http://localhost:5173
20240805	06:09:49	ccfcff21-0d0a-4986-b268-bc5931064812	GET	/book?search=&sort=author&page=1&category=	http://localhost:5173
20240805	06:09:55	5e991757-3610-4f74-b2f6-dec6bd88de3c	GET	/book?search=&sort=author&page=1&category=fiction	http://localhost:5173
20240805	06:35:22	45605405-87a9-4170-8bbd-ebca045a07a8	GET	/user	undefined
20240805	06:49:38	61ecd662-3f86-48b5-a42f-95f3c533ca19	POST	/auth/register	undefined
20240805	07:11:23	1b2c28fc-9a9f-40dc-a857-2201828779dc	GET	/user	undefined
20240805	07:36:41	d27441e0-42b0-4041-bb76-80121e004c1f	GET	/rent	undefined
20240805	07:48:31	4d89bc4d-779b-4b25-8057-e915e2997cff	POST	/auth/register	undefined
20240805	07:49:43	7ad1aa65-7e4f-4449-b76f-9daf5b5d3049	POST	/auth/login	undefined
20240805	08:06:09	3f368a1d-6656-4af9-81fe-560cfa8a7087	POST	/auth/logout	undefined
20240805	08:06:22	e47ee6dd-de6c-44ed-b6f8-df083439b39a	POST	/auth/refresh	undefined
20240805	08:08:46	1bb24440-94fa-4ad1-ae6c-296992460511	POST	/auth/login	undefined
20240805	08:09:37	b1b53b94-f365-42f2-8709-419d8765e3ef	POST	/book	undefined
20240805	08:09:49	d2511407-19b6-47da-8846-3d854a212b9d	POST	/book	undefined
20240805	08:17:08	69f16a84-084d-40ec-a7fb-b0b035d9a634	PATCH	/user/approve/1	undefined
20240805	08:17:21	b89640c7-1547-4dfa-990b-c6f5f058bbc1	PATCH	/user/activate/1	undefined
20240805	08:17:28	fa0d682a-f63a-4af3-9e37-27b4fea9d521	PATCH	/user/deactivate/1	undefined
20240805	08:17:50	41dbd9d6-9683-4e34-aa53-4b9c0de47d0b	GET	/user	undefined
20240805	08:18:13	74820caa-61e8-4ae5-bc13-677a75a776b4	DELETE	/user/1	undefined
20240805	08:18:48	918fe174-8d2f-40b6-a3c2-c01e3ce01502	PUT	/user/1	undefined
20240805	08:19:02	b584492a-6043-4956-a5b9-6885fa660559	POST	/rent	undefined
20240805	08:20:41	c6dee13c-acce-4de5-8920-94e3d443a109	POST	/rent	undefined
20240805	08:21:14	ea951c42-b4af-4b88-baab-589eddc5aa38	POST	/user	undefined
20240805	08:21:24	25cb6299-af35-46c8-950f-44cbdfb048ed	GET	/user	undefined
20240805	08:22:37	8390171c-7b3e-4a3a-8e27-37ab94746a53	POST	/rent	undefined
20240805	08:22:50	f778dd30-8d49-4ebb-8797-fe6c16046819	DELETE	/rent/1	undefined
20240805	08:22:59	b3c00160-b532-4b5b-bd66-f7b0b56ef26d	GET	/rent	undefined
20240805	08:23:10	beba0abc-4b6c-46cb-b61b-66c37b82adc9	GET	/rent/2	undefined
20240805	08:23:22	3d0bf388-b18e-467f-936a-ce990026c228	GET	/rent/renter/3	undefined
20240805	08:23:29	72cb176e-9710-46a9-8f8e-9249190368ed	GET	/rent/owner/1	undefined
20240805	08:23:34	f8a8eca5-dae9-45c9-940f-e4d185c3993a	GET	/rent/owner/3	undefined
20240805	08:23:51	74d621ab-68fc-4277-ad74-ad8c008bab85	PUT	/user/1	undefined
20240805	08:34:19	705ffc30-5cb8-4958-958f-feb7dd14941a	GET	/book/statistics/category	undefined
20240805	08:36:08	d51d5607-1f5f-4702-90b7-8fd8addf0581	GET	/book/statistics/category	undefined
20240805	09:00:11	ba5f5ab1-f556-4ccf-96a7-15f602d909f7	DELETE	/user/1	undefined
20240806	01:37:30	8ec3e06d-bff2-4402-a530-60f29ac3aabd	GET	/user?search=&sort=id:asc&limit=5&page=1	http://localhost:5173
20240806	01:37:30	de60d115-17a6-463a-ad27-c08563a92c00	GET	/user?search=&sort=id:asc&limit=5&page=1	http://localhost:5173
20240806	01:38:14	17f77aee-d3ff-44bc-8ad1-48710c4744cb	GET	/user?search=&sort=id:asc&limit=5&page=1	http://localhost:5173
20240806	01:38:14	b74b5243-fcf0-4b4d-b622-dc7712844f39	GET	/user?search=&sort=id:asc&limit=5&page=1	http://localhost:5173
20240806	01:40:03	9bce935a-382f-46a4-b7d4-29c4b718f01c	GET	/user?search=j&sort=id:asc&limit=5&page=1	http://localhost:5173
20240806	01:40:03	03f546bc-a76e-4d42-bb35-b586aa8058e7	GET	/user?search=jf&sort=id:asc&limit=5&page=1	http://localhost:5173
20240806	01:40:04	12e968e9-d97b-4f7c-9f20-3d481cf6f39e	GET	/user?search=jfl&sort=id:asc&limit=5&page=1	http://localhost:5173
20240806	01:40:07	d1cd34b9-4f51-4cf3-acb4-8150d2db50a6	GET	/user?search=jf&sort=id:asc&limit=5&page=1	http://localhost:5173
20240806	01:40:07	ccd7ea6c-5688-4213-b087-aad12422f603	GET	/user?search=j&sort=id:asc&limit=5&page=1	http://localhost:5173
20240806	01:40:07	dbc3bcf6-9331-4e3c-8821-bec4e6e07f38	GET	/user?search=&sort=id:asc&limit=5&page=1	http://localhost:5173
20240806	01:40:10	2f29497b-ce92-4749-a5d1-e12b13b115c2	GET	/user?search=h&sort=id:asc&limit=5&page=1	http://localhost:5173
20240806	01:40:11	fa5e0cba-41c6-4196-9e79-f52604605fde	GET	/user?search=ho&sort=id:asc&limit=5&page=1	http://localhost:5173
20240806	01:40:11	3574f5a7-b23a-4411-945b-c0c1671e7a1c	GET	/user?search=how&sort=id:asc&limit=5&page=1	http://localhost:5173
20240806	01:40:11	15e56c9d-8dad-41f7-a2f6-347e9e0836fc	GET	/user?search=how+&sort=id:asc&limit=5&page=1	http://localhost:5173
20240806	01:40:11	ff0465bb-2935-46fe-947a-75d39b51ab79	GET	/user?search=how+i&sort=id:asc&limit=5&page=1	http://localhost:5173
20240806	01:40:12	d9cc8c4a-3608-4ae3-9d27-9054e9626e1f	GET	/user?search=how+it&sort=id:asc&limit=5&page=1	http://localhost:5173
20240806	01:40:12	2f2b52e7-38cb-4e71-9ab4-4ce749c5eed1	GET	/user?search=how+it+&sort=id:asc&limit=5&page=1	http://localhost:5173
20240806	01:40:44	a5fee71b-137f-41a3-9039-d9578707556b	GET	/user?search=how+&sort=id:asc&limit=5&page=1	http://localhost:5173
20240806	01:40:44	ed50a107-1054-40df-8c12-83ed2541fe65	GET	/user?search=&sort=id:asc&limit=5&page=1	http://localhost:5173
20240806	04:55:47	741b525b-aa0f-49aa-9fa9-bc6c3048da5a	OPTIONS	/auth	http://localhost:5173
20240806	04:55:47	8cd9ab0d-b0fd-4051-a782-73162afed90d	POST	/auth	http://localhost:5173
20240806	04:56:36	562250cd-99f7-40e8-8d12-2329edc12f63	OPTIONS	/auth	http://localhost:5173
20240806	04:56:37	e0daaa69-5c6d-46ad-bf0b-ad7d9337a65d	POST	/auth	http://localhost:5173
20240806	04:57:05	e2263c34-76ca-45db-94dc-271b1dc99e6f	OPTIONS	/auth/login	http://localhost:5173
20240806	04:57:05	c8572b28-8d90-4586-91ab-6c53d4a5fb5d	POST	/auth/login	http://localhost:5173
20240806	04:58:35	2c35cad6-432f-43b2-a9c0-33a56f3a5ada	POST	/auth/login	undefined
20240806	04:59:01	e753187b-08e2-4050-aaa4-a9ee09e766ce	OPTIONS	/auth/login	http://localhost:5173
20240806	04:59:01	4a61eb0e-ee2e-40ef-8d23-47079b86db92	POST	/auth/login	http://localhost:5173
20240806	05:04:14	a2d93e2b-afff-47e2-8a83-6db57e7e51d6	OPTIONS	/auth/register	http://localhost:5173
20240806	05:04:14	db63db92-a690-458f-ba66-55b7c06db89d	POST	/auth/register	http://localhost:5173
20240806	05:04:56	21ef0b15-6d31-47c1-a41d-6807b53c8ff0	OPTIONS	/auth/register	http://localhost:5173
20240806	05:04:56	68844c0b-cab0-4acc-bb54-53a0950e6092	POST	/auth/register	http://localhost:5173
20240806	05:05:52	00b0cf77-5f74-4283-9066-043317dfad78	OPTIONS	/auth/register	http://localhost:5173
20240806	05:05:52	8055ed90-cb90-48a5-aa45-f0003f69cff2	POST	/auth/register	http://localhost:5173
20240806	05:11:12	668b6dc2-39ad-4d41-bc50-5859698c7013	OPTIONS	/auth/register	http://localhost:5173
20240806	05:11:12	f6ff668c-3c59-42a2-a8b9-6c22523163b9	POST	/auth/register	http://localhost:5173
20240806	05:12:03	b3859fe1-a7c5-4e01-a563-5495bea7fe73	OPTIONS	/auth/register	http://localhost:5173
20240806	05:12:03	beeb3294-f62c-41e2-a7d1-71fadf338ac5	POST	/auth/register	http://localhost:5173
20240806	05:14:10	4cd044d0-5338-49e9-b011-5b7189208009	OPTIONS	/auth/register	http://localhost:5173
20240806	05:14:10	d2d2e26f-f6b7-4d6a-b479-ba6b2fa69ab0	POST	/auth/register	http://localhost:5173
20240806	05:20:02	9a26ceb9-362b-4987-abf3-e5b3141ef4cb	OPTIONS	/auth/register	http://localhost:5173
20240806	05:20:02	24367abe-22c2-43f5-bf38-2f4dc846eba3	POST	/auth/register	http://localhost:5173
20240806	05:23:04	608f23b0-e979-4745-80cb-8fe106006e84	OPTIONS	/auth/register	http://localhost:5173
20240806	05:23:05	94a92595-44d8-4fbd-b856-002839701ec4	POST	/auth/register	http://localhost:5173
20240806	05:24:03	98ed96b4-e63b-4262-8b84-f5efa0e458dd	OPTIONS	/auth/register	http://localhost:5173
20240806	05:24:03	09e1cbbc-6c8a-487a-a498-0354385f881c	POST	/auth/register	http://localhost:5173
20240806	05:24:28	ed4ad62e-4d25-41db-8140-79acc4b30d62	POST	/auth/register	http://localhost:5173
20240806	05:25:22	11e8df40-ce56-47fb-b143-e4b278ece96e	POST	/auth/register	http://localhost:5173
20240806	05:30:42	0ff4f19e-7003-4cf0-a82d-4a1120b59bf7	POST	/auth/register	http://localhost:5173
20240806	05:34:26	2883a246-d72b-4904-9379-35b32983f94d	OPTIONS	/auth/register	http://localhost:5173
20240806	05:34:26	c8c56acf-cbab-40c2-84c8-908678928ed5	POST	/auth/register	http://localhost:5173
20240806	05:36:28	6992bd33-1131-4abd-aef8-8188d172b9ac	OPTIONS	/auth/register	http://localhost:5173
20240806	05:36:28	f77e575a-0cce-4293-b1b2-f47752cf1bf0	POST	/auth/register	http://localhost:5173
20240806	05:37:03	6aa48614-9bea-49e2-adee-1780abe596ef	OPTIONS	/auth/register	http://localhost:5173
20240806	05:37:03	2d2cebfe-856b-4386-80ff-a64ab1296e8b	POST	/auth/register	http://localhost:5173
20240806	05:37:27	dcd58452-cddf-4c22-8125-89ed08095242	OPTIONS	/auth/register	http://localhost:5173
20240806	05:37:27	b774d36f-996b-479c-91e4-7930fc2b4a3e	POST	/auth/register	http://localhost:5173
20240806	05:37:33	261f3f72-c20f-4e5e-aa61-ec2fb86264b4	OPTIONS	/auth/register	http://localhost:5173
20240806	05:37:33	bfd75745-c197-4774-9164-37f0316e86bc	POST	/auth/register	http://localhost:5173
20240806	05:41:59	bc188b3d-f5f1-46c6-90d8-4af4de75c97b	OPTIONS	/auth/register	http://localhost:5173
20240806	05:41:59	186eacd3-5294-4c4a-b9dd-755a3246d1d4	POST	/auth/register	http://localhost:5173
20240806	05:42:41	6a186e03-77ac-4b9c-b569-40423f95737d	OPTIONS	/auth/register	http://localhost:5173
20240806	05:42:41	e0ac6fb3-a1b4-4b8f-a48a-cd15dba51cd9	POST	/auth/register	http://localhost:5173
20240806	05:43:23	294a67ab-459d-489d-b31f-eb98e2ab2cfd	OPTIONS	/auth/register	http://localhost:5173
20240806	05:43:23	c0f34026-fd15-47ad-876e-446a3e1a611c	POST	/auth/register	http://localhost:5173
20240806	05:44:25	c26caaa8-fb11-4a17-95d8-1592a68bcc3c	OPTIONS	/auth/register	http://localhost:5173
20240806	05:44:25	da7c52ec-00fd-4bc5-a109-b154aae2b936	POST	/auth/register	http://localhost:5173
20240806	05:45:08	d4cddf74-ba23-45b6-8922-b577dcd76cef	OPTIONS	/auth/register	http://localhost:5173
20240806	05:45:08	0338edca-fd70-4c55-8194-9fb24db5a18e	POST	/auth/register	http://localhost:5173
20240806	05:47:49	f5a39715-c8c2-48df-858a-106485ef0771	POST	/destinations	http://localhost:5173
20240806	05:48:09	92e69e13-825d-496e-947b-21335987e12e	POST	/destinations	http://localhost:5173
20240806	05:48:31	6df4e240-6031-49c0-afdd-7e8f66b2ff1d	POST	/destinations	http://localhost:5173
20240806	05:48:59	6459266f-d1b6-4c5e-b3c6-b00223ce515e	POST	/auth/register	http://localhost:5173
20240806	05:49:58	ecfc6549-b76e-4337-8e59-1826ebae0d06	POST	/auth/register	http://localhost:5173
20240806	10:46:21	efe54427-00ee-4733-9aaa-57a85186105d	POST	/auth/register	http://localhost:5173
20240806	10:47:11	4adc975a-2ae7-4063-90ce-deeef9b68081	POST	/auth/register	http://localhost:5173
20240806	11:02:15	8d77abdd-66a6-4c65-8bae-f8812f948302	OPTIONS	/auth/register	http://localhost:5173
20240806	11:02:15	f980a2ee-eade-4158-8d1e-2cb95420eb90	POST	/auth/register	http://localhost:5173
20240806	11:03:57	2a0732d5-27fd-4b88-a7a9-322fd4cd4735	OPTIONS	/auth/register	http://localhost:5173
20240806	11:03:58	a176f4bf-2bba-4b86-9937-1d90333e3990	POST	/auth/register	http://localhost:5173
20240806	11:04:48	093e0a9c-5c84-44df-8d5e-f08bc0eb95bc	OPTIONS	/auth/register	http://localhost:5173
20240806	11:04:48	81185463-907a-4629-a2f7-c86702163466	POST	/auth/register	http://localhost:5173
20240806	11:06:03	76abf06a-d879-4399-8e84-89757a8cce7b	OPTIONS	/auth/register	http://localhost:5173
20240806	11:06:03	722ab277-889a-4065-b5a6-bcd61a5bdf2a	POST	/auth/register	http://localhost:5173
20240806	11:11:25	61fa7e21-782d-4047-ac74-777c2f043234	OPTIONS	/auth/register	http://localhost:5173
20240806	11:11:25	97b3169b-5f7e-4671-b152-65dbc81629f5	POST	/auth/register	http://localhost:5173
20240806	11:13:40	90a848e1-f270-45a4-aaff-d030a1dbfb45	OPTIONS	/auth/register	http://localhost:5173
20240806	11:13:40	d733c374-1aeb-42c8-b27d-fad9867e5911	POST	/auth/register	http://localhost:5173
20240806	11:14:01	a570d714-333a-4c06-8b89-577b4ee3f4fa	OPTIONS	/auth/register	http://localhost:5173
20240806	11:14:17	3a6652f0-e9c2-4155-8d7e-6bd34fb3d450	OPTIONS	/auth/register	http://localhost:5173
20240806	11:19:01	0c5f6034-a8ae-499f-ad02-fdc6ad97ef6c	OPTIONS	/auth/register	http://localhost:5173
20240806	11:19:01	d7aae846-f22c-4d1b-ac38-26518a6ec1d9	POST	/auth/register	http://localhost:5173
20240806	11:19:43	a8bd8511-7080-49eb-9ac0-c22dcd56f5e0	OPTIONS	/auth/register	http://localhost:5173
20240806	11:19:43	20b68f58-e1ef-4123-b0b6-0b440d85dce9	POST	/auth/register	http://localhost:5173
20240806	11:22:48	fa633d87-1f8d-4b17-bc8e-ef8096d3edf0	OPTIONS	/auth/register	http://localhost:5173
20240806	11:22:48	6131f032-45c8-43fe-9f7b-bcc983c3724e	POST	/auth/register	http://localhost:5173
20240806	11:23:16	621db3cf-5d82-4425-a904-f0d9012136f2	OPTIONS	/auth/register	http://localhost:5173
20240806	11:23:16	daddda12-336f-453e-8162-bf63f510facd	POST	/auth/register	http://localhost:5173
20240806	11:23:39	3ed67a31-e678-47ed-80ed-7536a2b1ad1f	OPTIONS	/auth/register	http://localhost:5173
20240806	11:23:39	cee21b21-8873-432d-b291-266c367407ff	POST	/auth/register	http://localhost:5173
20240806	11:33:09	da650bd8-cc29-4f3a-a161-fa1835c3c96f	OPTIONS	/auth/register	http://localhost:5173
20240806	11:33:09	79c8a785-04fe-4f19-b685-b2fb5c090d66	POST	/auth/register	http://localhost:5173
20240806	11:34:21	8b1c0895-86da-4389-bff8-099607db5422	OPTIONS	/auth/register	http://localhost:5173
20240806	11:34:21	b83cc63d-a4a8-4bef-b1c7-be0ca07ff4b6	POST	/auth/register	http://localhost:5173
20240806	11:35:32	5d856bd6-558e-4fee-9bd6-91258f4d3a32	OPTIONS	/auth/register	http://localhost:5173
20240806	11:35:32	fe49ba50-8a60-4d6f-a9b2-7a450895d7b2	POST	/auth/register	http://localhost:5173
20240806	11:38:17	f8d1adca-4414-43ce-b415-2b127eb4ffb7	OPTIONS	/auth/register	http://localhost:5173
20240806	11:38:17	acec2d6f-2736-44ac-96c6-6387fa0386b9	POST	/auth/register	http://localhost:5173
20240806	11:39:06	cc7940a0-c164-48a1-896a-2a29acb29d25	OPTIONS	/auth/register	http://localhost:5173
20240806	11:39:06	eb24aada-cbf9-4904-b3dd-009f8c639bb1	POST	/auth/register	http://localhost:5173
20240806	11:39:28	cfd1717c-39f4-425d-9be6-70a7f25c74d6	POST	/auth/register	http://localhost:5173
20240806	11:40:04	81cafa1d-56c0-416c-8cb0-4c183307d686	POST	/auth/register	http://localhost:5173
20240806	11:40:28	d625a323-5bd1-4e30-bd2d-2a5147cd053c	POST	/auth/register	http://localhost:5173
20240806	11:41:54	a11acd4b-fdc1-4d8a-a326-e666b5dd5511	POST	/auth/register	http://localhost:5173
20240806	11:42:10	1bf48c49-fe0f-4524-9e3b-c9bd65f94b43	POST	/auth/register	http://localhost:5173
20240806	11:42:53	bc5eb576-564c-4247-a7ef-5b89d1f4b0e4	POST	/auth/register	http://localhost:5173
20240806	11:44:29	4d5b19ec-ed2a-4857-a2f2-75c93e0e2817	POST	/auth/register	http://localhost:5173
20240806	11:45:07	3e0c77b9-cbb3-403c-b8d9-b3968f0caf31	POST	/auth/register	http://localhost:5173
20240806	11:45:23	78c221bc-6b1e-4029-8f5a-8a2be7921eb2	POST	/auth/register	http://localhost:5173
20240806	11:46:07	ada6e8eb-c54a-48f0-878e-fccfb3415608	POST	/auth/register	http://localhost:5173
20240806	11:50:42	af825b37-864a-4af6-9e3f-e52c48106017	POST	/auth/register	http://localhost:5173
20240806	11:51:01	26f1577c-dc7a-4fda-bbe1-cfc7dd3bfc07	POST	/auth/register	http://localhost:5173
20240806	11:52:09	5fa59170-18e2-4bcb-8295-873c41615a0e	POST	/auth/register	http://localhost:5173
20240806	11:52:43	33c20d3f-51d7-4f78-bf4b-8ee05bd3fbad	POST	/auth/register	http://localhost:5173
20240806	11:52:52	c33e045f-1abc-4fa0-9512-79ed4e22c013	POST	/auth/register	http://localhost:5173
20240806	11:54:03	f292132f-1ff8-41fc-bd92-97196a87a109	POST	/auth/register	http://localhost:5173
20240806	11:54:17	8734198e-c123-44da-9909-2c999424435c	POST	/auth/register	http://localhost:5173
20240806	11:54:56	5854b26f-a6b7-4b14-9c9b-7093ad7894d4	POST	/auth/register	http://localhost:5173
20240806	11:55:05	09b5f4a9-2439-47ce-bef4-2e0bd8cb6cca	POST	/auth/register	http://localhost:5173
20240806	11:55:59	6a723710-2976-49cf-9927-539afe015db7	POST	/auth/register	http://localhost:5173
20240806	11:56:31	524ab146-5e09-460c-9a7f-83f80dfcdf70	POST	/auth/register	http://localhost:5173
20240806	11:58:01	68e1d60c-ca63-4cc2-baea-f1b2aa898023	POST	/auth/register	http://localhost:5173
20240806	11:58:42	b9794edb-2e6b-4fc9-95cd-fc7d27c44688	POST	/auth/register	http://localhost:5173
20240806	11:59:52	7f7723f9-61c5-4c2f-a911-a25362c89ec0	OPTIONS	/auth/register	http://localhost:5173
20240806	11:59:52	5b7ea90f-b915-4fe8-8a71-1e1c7e94b009	POST	/auth/register	http://localhost:5173
20240806	11:59:58	ec48663c-6929-43c1-a5e1-e25fe1c56b09	OPTIONS	/auth/register	http://localhost:5173
20240806	11:59:58	961f9b26-4c1f-458e-a4a5-5c24b051fe25	POST	/auth/register	http://localhost:5173
20240806	12:00:05	2a8b3f2c-09f1-4ce9-a9af-ef95afbcf7b7	POST	/auth/register	http://localhost:5173
20240806	12:00:10	43bdf512-faab-4345-bc81-56d96291c2a5	POST	/auth/register	http://localhost:5173
20240806	12:01:01	df420e25-08a9-4199-96a1-d398eb530efb	OPTIONS	/auth/register	http://localhost:5173
20240806	12:01:01	8cd06577-beb0-42dc-81fb-006f4b0ef33d	POST	/auth/register	http://localhost:5173
20240806	12:01:33	a5ed7f89-4335-479d-973d-23a66668e670	POST	/auth/register	http://localhost:5173
20240806	12:02:01	b199e84d-0141-4193-a05e-f248d659dca4	OPTIONS	/auth/register	http://localhost:5173
20240806	12:02:09	356b6d7e-b03d-401a-887a-9b89813524e4	POST	/auth/register	http://localhost:5173
20240806	12:03:07	6e1c3d7a-55f8-494c-b729-ab8640dd0b70	OPTIONS	/auth/register	http://localhost:5173
20240806	12:03:07	76e8c688-1c15-49bf-8599-e12b62519ff9	POST	/auth/register	http://localhost:5173
20240806	12:04:01	a77d158a-a527-45d5-9dc2-d96e29458207	OPTIONS	/auth/register	http://localhost:5173
20240806	12:04:01	4e0dfa76-b260-4fca-b13b-873bad191367	POST	/auth/register	http://localhost:5173
20240806	12:04:57	5f097383-82ca-4536-a266-8d23f4886520	OPTIONS	/auth/register	http://localhost:5173
20240806	12:04:57	f87547b9-5441-4727-b209-e2e52f9ee341	POST	/auth/register	http://localhost:5173
20240806	12:06:33	52c19871-555a-406d-aa28-e836f95550ed	POST	/auth/register	http://localhost:5173
20240806	12:09:07	ceb11a5e-c613-4494-9eae-fa9b089d0a8a	OPTIONS	/auth/register	http://localhost:5173
20240806	12:09:07	67396132-cc91-4f1b-ba45-935e6c068d02	POST	/auth/register	http://localhost:5173
20240806	12:12:00	317001a2-45a1-46b6-9454-ab4cedba7ef3	OPTIONS	/auth/register	http://localhost:5173
20240806	12:12:01	4d8b4c19-a4c4-463e-9769-2dc0efb188ce	POST	/auth/register	http://localhost:5173
20240806	12:12:57	dabe302d-0269-4734-997e-2ea7709eacc4	OPTIONS	/auth/register	http://localhost:5173
20240806	12:12:57	fc241e7b-0cb6-4ecd-8f22-c7531ec0c3e3	POST	/auth/register	http://localhost:5173
20240806	12:18:47	473d28bd-279c-4056-9f48-762ae296d037	OPTIONS	/auth/register	http://localhost:5173
20240806	12:18:47	a91ee0d7-7c13-4c3c-a8fa-40d5c4bbe82b	POST	/auth/register	http://localhost:5173
20240806	12:20:04	a2d53925-4e32-4660-92fb-96a58d7a11f0	OPTIONS	/auth/register	http://localhost:5173
20240806	12:20:04	2178d13a-bbc9-485f-941e-971a906d1afd	POST	/auth/register	http://localhost:5173
20240806	12:21:10	aab41e8a-acd2-4156-a892-1863a41d2f5d	OPTIONS	/auth/register	http://localhost:5173
20240806	12:21:10	0e608f46-c5c7-42a5-8649-84c919e7bc68	POST	/auth/register	http://localhost:5173
20240806	12:21:23	c73c8cf0-736e-4967-b73c-8472241fa9c8	OPTIONS	/auth/register	http://localhost:5173
20240806	12:21:23	221564ab-5ffc-4521-ae60-09914070c1c6	POST	/auth/register	http://localhost:5173
20240806	12:21:48	664edecd-4916-4273-a3e6-a7098d0f736e	POST	/auth/register	http://localhost:5173
20240806	12:22:01	e10a1675-ac24-4c11-9857-cb6fc122bff1	POST	/auth/register	http://localhost:5173
20240806	12:23:36	452b6f9f-ce1d-4364-be4b-d8d7d1d65d73	POST	/auth/register	http://localhost:5173
20240806	12:24:30	73517c8b-55d1-4d8d-956c-cf360cd63cc5	OPTIONS	/auth/register	http://localhost:5173
20240806	12:24:31	8800297c-ad5c-464d-ad7a-8082c82b2439	POST	/auth/register	http://localhost:5173
20240806	12:25:36	5861cb27-4ed7-4452-ae42-e285f01d4d21	OPTIONS	/auth/register	http://localhost:5173
20240806	12:25:36	429d533a-1cf4-46b9-8d42-427aedb9d236	POST	/auth/register	http://localhost:5173
20240806	12:25:48	161f1771-e6e0-4f22-8c1c-b7b7b64b410c	OPTIONS	/auth/register	http://localhost:5173
20240806	12:25:48	f043929f-cb2b-4626-b436-7ce5b5801275	POST	/auth/register	http://localhost:5173
20240806	12:26:32	5e26ea1a-ad51-451a-b89d-100dd4f2656d	POST	/auth/register	http://localhost:5173
20240806	12:27:15	4c52f71d-39da-4a0b-a957-b0cca5ed810e	POST	/auth/register	http://localhost:5173
20240806	12:28:08	b9edf869-570b-4b5b-bab8-bf75944fd65b	POST	/auth/login	undefined
20240806	12:28:33	232e2ab0-752b-4c83-b003-efc4c6c2a0fa	GET	/user	undefined
20240806	12:29:09	34cfc1fc-bc14-4589-8fe4-5ade0d441293	GET	/user?limit=20	undefined
20240806	12:29:39	dcd8bb44-a676-4259-bdf7-3ad65e2c2e7f	GET	/user?page=2	undefined
20240806	12:29:48	ce01b1ee-9af8-408d-acd4-ef5a4f9f3eb7	GET	/user?page=3	undefined
20240806	12:30:12	37f5a299-aa73-47b6-9ef5-ed0f0739782c	GET	/user?page=3&limit=3	undefined
20240806	12:30:52	3301ce75-b7ef-4db7-817d-9dbb9a9ad866	GET	/user?limit=1	undefined
20240806	13:15:07	7d637c2b-6cfa-45de-b2b9-b975f9945067	POST	/auth/register	http://localhost:5173
20240806	13:15:25	7deb90a6-766e-4a2e-8f6b-9c2536d797bf	POST	/auth/register	http://localhost:5173
